<?xml version="1.0" encoding="UTF-8"?>
<!-- Generated by org.testng.reporters.JUnitReportReporter -->
<testsuite hostname="HYPU9YQS533" failures="0" tests="1" name="gk.gui.tests.saucedemoE2E_tests" time="124.972" errors="0" timestamp="11 Jul 2021 20:11:39 GMT" skipped="0">
  <testcase classname="gk.gui.tests.saucedemoE2E_tests" name="saucedemoE2E_tests" time="124.972"/>
</testsuite> <!-- gk.gui.tests.saucedemoE2E_tests -->
